  pch.cpp
  dllmain.cpp
  DongleWrapper.cpp
C:\Users\Brian\source\repos\Dongle\Dongle\DongleWrapper.h(96,17): warning C4251: 'DongleWrapper::vendorCodeFilePath': 'std::basic_string<char,std::char_traits<char>,std::allocator<char>>' needs to have dll-interface to be used by clients of 'DongleWrapper'
  (compiling source file '/DongleWrapper.cpp')
      C:\Program Files\Microsoft Visual Studio\2022\Community\VC\Tools\MSVC\14.43.34808\include\xstring(522,7):
      see declaration of 'std::basic_string<char,std::char_traits<char>,std::allocator<char>>'
  
C:\Users\Brian\source\repos\Dongle\Dongle\DongleWrapper.h(97,17): warning C4251: 'DongleWrapper::password': 'std::basic_string<char,std::char_traits<char>,std::allocator<char>>' needs to have dll-interface to be used by clients of 'DongleWrapper'
  (compiling source file '/DongleWrapper.cpp')
      C:\Program Files\Microsoft Visual Studio\2022\Community\VC\Tools\MSVC\14.43.34808\include\xstring(522,7):
      see declaration of 'std::basic_string<char,std::char_traits<char>,std::allocator<char>>'
  
C:\Users\Brian\source\repos\Dongle\Dongle\DongleWrapper.h(102,32): warning C4251: 'DongleWrapper::vendorCode': 'std::vector<unsigned char,std::allocator<unsigned char>>' needs to have dll-interface to be used by clients of 'DongleWrapper'
  (compiling source file '/DongleWrapper.cpp')
      C:\Program Files\Microsoft Visual Studio\2022\Community\VC\Tools\MSVC\14.43.34808\include\vector(429,7):
      see declaration of 'std::vector<unsigned char,std::allocator<unsigned char>>'
  
C:\Users\Brian\source\repos\Dongle\Dongle\DongleWrapper.cpp(77,60): warning C4267: 'argument': conversion from 'size_t' to 'int', possible loss of data
  (compiling source file '/DongleWrapper.cpp')
  
C:\Users\Brian\source\repos\Dongle\Dongle\DongleWrapper.cpp(95,68): warning C4267: 'argument': conversion from 'size_t' to 'int', possible loss of data
  (compiling source file '/DongleWrapper.cpp')
  
  Generating Code...
     Creating library C:\Users\Brian\source\repos\Dongle\x64\Debug\Dongle.lib and object C:\Users\Brian\source\repos\Dongle\x64\Debug\Dongle.exp
  Dongle.vcxproj -> C:\Users\Brian\source\repos\Dongle\x64\Debug\Dongle.dll
